<?xml version="1.0" encoding="UTF-8"?>
<coverage generated="1743015315055" clover="3.2.0">
  <project timestamp="1743015315055" name="All files">
    <metrics statements="7" coveredstatements="7" conditionals="4" coveredconditionals="4" methods="5" coveredmethods="5" elements="16" coveredelements="16" complexity="0" loc="7" ncloc="7" packages="2" files="2" classes="2"/>
    <package name="Table">
      <metrics statements="1" coveredstatements="1" conditionals="0" coveredconditionals="0" methods="1" coveredmethods="1"/>
      <file name="index.ts" path="/home/joelle/Documents/hub88_FE_Test/src/components/Table/index.ts">
        <metrics statements="1" coveredstatements="1" conditionals="0" coveredconditionals="0" methods="1" coveredmethods="1"/>
        <line num="1" count="6" type="stmt"/>
      </file>
    </package>
    <package name="Table.components">
      <metrics statements="6" coveredstatements="6" conditionals="4" coveredconditionals="4" methods="4" coveredmethods="4"/>
      <file name="table.tsx" path="/home/joelle/Documents/hub88_FE_Test/src/components/Table/components/table.tsx">
        <metrics statements="6" coveredstatements="6" conditionals="4" coveredconditionals="4" methods="4" coveredmethods="4"/>
        <line num="5" count="1" type="stmt"/>
        <line num="6" count="5" type="stmt"/>
        <line num="11" count="8" type="stmt"/>
        <line num="16" count="8" type="stmt"/>
        <line num="20" count="16" type="stmt"/>
        <line num="31" count="1" type="stmt"/>
      </file>
    </package>
  </project>
</coverage>
