{"/home/joelle/Documents/hub88_FE_Test/src/components/Table/index.ts": {"path":"/home/joelle/Documents/hub88_FE_Test/src/components/Table/index.ts","statementMap":{"0":{"start":{"line":1,"column":0},"end":{"line":1,"column":8}},"1":{"start":{"line":1,"column":8},"end":{"line":1,"column":42}}},"fnMap":{"0":{"name":"(anonymous_1)","decl":{"start":{"line":1,"column":8},"end":{"line":1,"column":15}},"loc":{"start":{"line":1,"column":8},"end":{"line":1,"column":42}}}},"branchMap":{},"s":{"0":1,"1":6},"f":{"0":5},"b":{}}
,"/home/joelle/Documents/hub88_FE_Test/src/components/Table/components/table.tsx": {"path":"/home/joelle/Documents/hub88_FE_Test/src/components/Table/components/table.tsx","statementMap":{"0":{"start":{"line":5,"column":14},"end":{"line":28,"column":null}},"1":{"start":{"line":6,"column":4},"end":{"line":27,"column":null}},"2":{"start":{"line":11,"column":24},"end":{"line":11,"column":39}},"3":{"start":{"line":16,"column":24},"end":{"line":23,"column":null}},"4":{"start":{"line":20,"column":36},"end":{"line":20,"column":51}},"5":{"start":{"line":31,"column":0},"end":{"line":31,"column":null}}},"fnMap":{"0":{"name":"(anonymous_0)","decl":{"start":{"line":5,"column":14},"end":{"line":5,"column":69}},"loc":{"start":{"line":6,"column":4},"end":{"line":27,"column":null}}},"1":{"name":"(anonymous_1)","decl":{"start":{"line":10,"column":46},"end":{"line":10,"column":47}},"loc":{"start":{"line":11,"column":24},"end":{"line":11,"column":39}}},"2":{"name":"(anonymous_2)","decl":{"start":{"line":15,"column":30},"end":{"line":15,"column":31}},"loc":{"start":{"line":16,"column":24},"end":{"line":23,"column":null}}},"3":{"name":"(anonymous_3)","decl":{"start":{"line":19,"column":57},"end":{"line":19,"column":58}},"loc":{"start":{"line":20,"column":36},"end":{"line":20,"column":51}}}},"branchMap":{"0":{"loc":{"start":{"line":7,"column":9},"end":{"line":27,"column":70}},"type":"cond-expr","locations":[{"start":{"line":8,"column":12},"end":{"line":26,"column":null}},{"start":{"line":27,"column":21},"end":{"line":27,"column":70}}]},"1":{"loc":{"start":{"line":23,"column":29},"end":{"line":23,"column":95}},"type":"binary-expr","locations":[{"start":{"line":23,"column":29},"end":{"line":23,"column":57}},{"start":{"line":23,"column":61},"end":{"line":23,"column":95}}]}},"s":{"0":1,"1":5,"2":8,"3":8,"4":16,"5":1},"f":{"0":5,"1":8,"2":8,"3":16},"b":{"0":[4,1],"1":[8,4]}}
}
