{"/home/joelle/Documents/hub88_FE_Test/src/components/index.ts": {"path":"/home/joelle/Documents/hub88_FE_Test/src/components/index.ts","statementMap":{"0":{"start":{"line":1,"column":0},"end":{"line":1,"column":9}},"1":{"start":{"line":1,"column":9},"end":{"line":1,"column":32}},"2":{"start":{"line":2,"column":0},"end":{"line":2,"column":9}},"3":{"start":{"line":2,"column":9},"end":{"line":2,"column":25}}},"fnMap":{"0":{"name":"(anonymous_1)","decl":{"start":{"line":1,"column":9},"end":{"line":1,"column":16}},"loc":{"start":{"line":1,"column":9},"end":{"line":1,"column":32}}},"1":{"name":"(anonymous_2)","decl":{"start":{"line":2,"column":9},"end":{"line":2,"column":16}},"loc":{"start":{"line":2,"column":9},"end":{"line":2,"column":25}}}},"branchMap":{},"s":{"0":1,"1":1,"2":1,"3":10},"f":{"0":0,"1":9},"b":{}}
,"/home/joelle/Documents/hub88_FE_Test/src/components/CountryTable/index.ts": {"path":"/home/joelle/Documents/hub88_FE_Test/src/components/CountryTable/index.ts","statementMap":{"0":{"start":{"line":1,"column":0},"end":{"line":1,"column":8}},"1":{"start":{"line":1,"column":8},"end":{"line":1,"column":49}}},"fnMap":{"0":{"name":"(anonymous_1)","decl":{"start":{"line":1,"column":8},"end":{"line":1,"column":15}},"loc":{"start":{"line":1,"column":8},"end":{"line":1,"column":49}}}},"branchMap":{},"s":{"0":1,"1":6},"f":{"0":5},"b":{}}
,"/home/joelle/Documents/hub88_FE_Test/src/components/CountryTable/components/countryTable.tsx": {"path":"/home/joelle/Documents/hub88_FE_Test/src/components/CountryTable/components/countryTable.tsx","statementMap":{"0":{"start":{"line":1,"column":0},"end":{"line":1,"column":43}},"1":{"start":{"line":3,"column":0},"end":{"line":3,"column":29}},"2":{"start":{"line":4,"column":0},"end":{"line":4,"column":60}},"3":{"start":{"line":5,"column":0},"end":{"line":5,"column":64}},"4":{"start":{"line":6,"column":0},"end":{"line":6,"column":100}},"5":{"start":{"line":7,"column":0},"end":{"line":7,"column":41}},"6":{"start":{"line":9,"column":31},"end":{"line":89,"column":1}},"7":{"start":{"line":10,"column":38},"end":{"line":10,"column":62}},"8":{"start":{"line":11,"column":42},"end":{"line":11,"column":62}},"9":{"start":{"line":12,"column":32},"end":{"line":12,"column":56}},"10":{"start":{"line":13,"column":36},"end":{"line":13,"column":60}},"11":{"start":{"line":14,"column":42},"end":{"line":14,"column":53}},"12":{"start":{"line":15,"column":21},"end":{"line":15,"column":22}},"13":{"start":{"line":17,"column":37},"end":{"line":17,"column":64}},"14":{"start":{"line":19,"column":4},"end":{"line":25,"column":null}},"15":{"start":{"line":20,"column":8},"end":{"line":24,"column":9}},"16":{"start":{"line":21,"column":12},"end":{"line":21,"column":null}},"17":{"start":{"line":22,"column":12},"end":{"line":22,"column":null}},"18":{"start":{"line":23,"column":12},"end":{"line":23,"column":null}},"19":{"start":{"line":27,"column":31},"end":{"line":35,"column":5}},"20":{"start":{"line":28,"column":25},"end":{"line":28,"column":84}},"21":{"start":{"line":28,"column":55},"end":{"line":28,"column":83}},"22":{"start":{"line":29,"column":8},"end":{"line":29,"column":null}},"23":{"start":{"line":30,"column":8},"end":{"line":30,"column":null}},"24":{"start":{"line":31,"column":8},"end":{"line":31,"column":null}},"25":{"start":{"line":32,"column":8},"end":{"line":32,"column":null}},"26":{"start":{"line":33,"column":8},"end":{"line":33,"column":null}},"27":{"start":{"line":34,"column":8},"end":{"line":34,"column":null}},"28":{"start":{"line":37,"column":29},"end":{"line":43,"column":5}},"29":{"start":{"line":38,"column":27},"end":{"line":38,"column":62}},"30":{"start":{"line":39,"column":8},"end":{"line":42,"column":9}},"31":{"start":{"line":40,"column":12},"end":{"line":40,"column":null}},"32":{"start":{"line":41,"column":12},"end":{"line":41,"column":null}},"33":{"start":{"line":45,"column":4},"end":{"line":88,"column":null}},"34":{"start":{"line":56,"column":37},"end":{"line":56,"column":85}},"35":{"start":{"line":67,"column":35},"end":{"line":67,"column":68}},"36":{"start":{"line":80,"column":35},"end":{"line":80,"column":68}},"37":{"start":{"line":91,"column":0},"end":{"line":91,"column":null}}},"fnMap":{"0":{"name":"(anonymous_1)","decl":{"start":{"line":9,"column":31},"end":{"line":9,"column":34}},"loc":{"start":{"line":9,"column":36},"end":{"line":89,"column":1}}},"1":{"name":"(anonymous_2)","decl":{"start":{"line":19,"column":14},"end":{"line":19,"column":17}},"loc":{"start":{"line":19,"column":19},"end":{"line":25,"column":5}}},"2":{"name":"(anonymous_3)","decl":{"start":{"line":27,"column":31},"end":{"line":27,"column":32}},"loc":{"start":{"line":27,"column":49},"end":{"line":35,"column":5}}},"3":{"name":"(anonymous_4)","decl":{"start":{"line":28,"column":42},"end":{"line":28,"column":43}},"loc":{"start":{"line":28,"column":55},"end":{"line":28,"column":83}}},"4":{"name":"(anonymous_5)","decl":{"start":{"line":37,"column":29},"end":{"line":37,"column":30}},"loc":{"start":{"line":37,"column":50},"end":{"line":43,"column":5}}},"5":{"name":"(anonymous_6)","decl":{"start":{"line":56,"column":30},"end":{"line":56,"column":31}},"loc":{"start":{"line":56,"column":37},"end":{"line":56,"column":85}}},"6":{"name":"(anonymous_7)","decl":{"start":{"line":67,"column":29},"end":{"line":67,"column":32}},"loc":{"start":{"line":67,"column":35},"end":{"line":67,"column":68}}},"7":{"name":"(anonymous_8)","decl":{"start":{"line":80,"column":29},"end":{"line":80,"column":32}},"loc":{"start":{"line":80,"column":35},"end":{"line":80,"column":68}}}},"branchMap":{"0":{"loc":{"start":{"line":20,"column":8},"end":{"line":24,"column":9}},"type":"if","locations":[{"start":{"line":20,"column":8},"end":{"line":24,"column":9}}]},"1":{"loc":{"start":{"line":20,"column":12},"end":{"line":20,"column":34}},"type":"binary-expr","locations":[{"start":{"line":20,"column":12},"end":{"line":20,"column":16}},{"start":{"line":20,"column":20},"end":{"line":20,"column":34}}]},"2":{"loc":{"start":{"line":39,"column":8},"end":{"line":42,"column":9}},"type":"if","locations":[{"start":{"line":39,"column":8},"end":{"line":42,"column":9}}]},"3":{"loc":{"start":{"line":39,"column":12},"end":{"line":39,"column":51}},"type":"binary-expr","locations":[{"start":{"line":39,"column":12},"end":{"line":39,"column":25}},{"start":{"line":39,"column":29},"end":{"line":39,"column":51}}]},"4":{"loc":{"start":{"line":60,"column":17},"end":{"line":60,"column":80}},"type":"binary-expr","locations":[{"start":{"line":60,"column":17},"end":{"line":60,"column":24}},{"start":{"line":60,"column":28},"end":{"line":60,"column":80}}]},"5":{"loc":{"start":{"line":61,"column":17},"end":{"line":61,"column":88}},"type":"binary-expr","locations":[{"start":{"line":61,"column":17},"end":{"line":61,"column":22}},{"start":{"line":61,"column":26},"end":{"line":61,"column":88}}]},"6":{"loc":{"start":{"line":62,"column":17},"end":{"line":62,"column":60}},"type":"binary-expr","locations":[{"start":{"line":62,"column":17},"end":{"line":62,"column":21}},{"start":{"line":62,"column":25},"end":{"line":62,"column":60}}]},"7":{"loc":{"start":{"line":66,"column":68},"end":{"line":66,"column":102}},"type":"cond-expr","locations":[{"start":{"line":66,"column":87},"end":{"line":66,"column":97}},{"start":{"line":66,"column":100},"end":{"line":66,"column":102}}]},"8":{"loc":{"start":{"line":79,"column":68},"end":{"line":79,"column":136}},"type":"cond-expr","locations":[{"start":{"line":79,"column":121},"end":{"line":79,"column":131}},{"start":{"line":79,"column":134},"end":{"line":79,"column":136}}]}},"s":{"0":1,"1":1,"2":1,"3":1,"4":1,"5":1,"6":1,"7":15,"8":15,"9":15,"10":15,"11":15,"12":15,"13":15,"14":15,"15":9,"16":4,"17":4,"18":4,"19":15,"20":1,"21":250,"22":1,"23":1,"24":1,"25":1,"26":1,"27":1,"28":15,"29":2,"30":2,"31":2,"32":2,"33":15,"34":1,"35":1,"36":1,"37":1},"f":{"0":15,"1":9,"2":1,"3":250,"4":2,"5":1,"6":1,"7":1},"b":{"0":[4],"1":[9,4],"2":[2],"3":[2,2],"4":[15,5],"5":[15,1],"6":[15,9],"7":[14,1],"8":[11,4]}}
,"/home/joelle/Documents/hub88_FE_Test/src/components/CountryTable/helpers/getCountriesQuery.ts": {"path":"/home/joelle/Documents/hub88_FE_Test/src/components/CountryTable/helpers/getCountriesQuery.ts","statementMap":{"0":{"start":{"line":1,"column":0},"end":{"line":1,"column":36}},"1":{"start":{"line":3,"column":26},"end":{"line":10,"column":null}},"2":{"start":{"line":12,"column":0},"end":{"line":12,"column":null}}},"fnMap":{},"branchMap":{},"s":{"0":1,"1":1,"2":1},"f":{},"b":{}}
,"/home/joelle/Documents/hub88_FE_Test/src/components/Table/index.ts": {"path":"/home/joelle/Documents/hub88_FE_Test/src/components/Table/index.ts","statementMap":{"0":{"start":{"line":1,"column":0},"end":{"line":1,"column":8}},"1":{"start":{"line":1,"column":8},"end":{"line":1,"column":42}}},"fnMap":{"0":{"name":"(anonymous_1)","decl":{"start":{"line":1,"column":8},"end":{"line":1,"column":15}},"loc":{"start":{"line":1,"column":8},"end":{"line":1,"column":42}}}},"branchMap":{},"s":{"0":2,"1":16},"f":{"0":14},"b":{}}
,"/home/joelle/Documents/hub88_FE_Test/src/components/Table/components/table.tsx": {"path":"/home/joelle/Documents/hub88_FE_Test/src/components/Table/components/table.tsx","statementMap":{"0":{"start":{"line":5,"column":14},"end":{"line":28,"column":null}},"1":{"start":{"line":6,"column":4},"end":{"line":27,"column":null}},"2":{"start":{"line":11,"column":24},"end":{"line":11,"column":39}},"3":{"start":{"line":16,"column":24},"end":{"line":23,"column":null}},"4":{"start":{"line":20,"column":36},"end":{"line":20,"column":51}},"5":{"start":{"line":31,"column":0},"end":{"line":31,"column":null}}},"fnMap":{"0":{"name":"(anonymous_0)","decl":{"start":{"line":5,"column":14},"end":{"line":5,"column":69}},"loc":{"start":{"line":6,"column":4},"end":{"line":27,"column":null}}},"1":{"name":"(anonymous_1)","decl":{"start":{"line":10,"column":46},"end":{"line":10,"column":47}},"loc":{"start":{"line":11,"column":24},"end":{"line":11,"column":39}}},"2":{"name":"(anonymous_2)","decl":{"start":{"line":15,"column":30},"end":{"line":15,"column":31}},"loc":{"start":{"line":16,"column":24},"end":{"line":23,"column":null}}},"3":{"name":"(anonymous_3)","decl":{"start":{"line":19,"column":57},"end":{"line":19,"column":58}},"loc":{"start":{"line":20,"column":36},"end":{"line":20,"column":51}}}},"branchMap":{"0":{"loc":{"start":{"line":7,"column":9},"end":{"line":27,"column":70}},"type":"cond-expr","locations":[{"start":{"line":8,"column":12},"end":{"line":26,"column":null}},{"start":{"line":27,"column":21},"end":{"line":27,"column":70}}]},"1":{"loc":{"start":{"line":23,"column":29},"end":{"line":23,"column":95}},"type":"binary-expr","locations":[{"start":{"line":23,"column":29},"end":{"line":23,"column":57}},{"start":{"line":23,"column":61},"end":{"line":23,"column":95}}]}},"s":{"0":2,"1":14,"2":18,"3":37,"4":74,"5":2},"f":{"0":14,"1":18,"2":37,"3":74},"b":{"0":[9,5],"1":[37,28]}}
}
