TN:
SF:src/components/index.ts
FN:1,(anonymous_1)
FN:2,(anonymous_2)
FNF:2
FNH:1
FNDA:0,(anonymous_1)
FNDA:9,(anonymous_2)
DA:1,1
DA:2,10
LF:2
LH:2
BRF:0
BRH:0
end_of_record
TN:
SF:src/components/CountryTable/index.ts
FN:1,(anonymous_1)
FNF:1
FNH:1
FNDA:5,(anonymous_1)
DA:1,6
LF:1
LH:1
BRF:0
BRH:0
end_of_record
TN:
SF:src/components/CountryTable/components/countryTable.tsx
FN:9,(anonymous_1)
FN:19,(anonymous_2)
FN:27,(anonymous_3)
FN:28,(anonymous_4)
FN:37,(anonymous_5)
FN:56,(anonymous_6)
FN:67,(anonymous_7)
FN:80,(anonymous_8)
FNF:8
FNH:8
FNDA:15,(anonymous_1)
FNDA:9,(anonymous_2)
FNDA:1,(anonymous_3)
FNDA:250,(anonymous_4)
FNDA:2,(anonymous_5)
FNDA:1,(anonymous_6)
FNDA:1,(anonymous_7)
FNDA:1,(anonymous_8)
DA:1,1
DA:3,1
DA:4,1
DA:5,1
DA:6,1
DA:7,1
DA:9,1
DA:10,15
DA:11,15
DA:12,15
DA:13,15
DA:14,15
DA:15,15
DA:17,15
DA:19,15
DA:20,9
DA:21,4
DA:22,4
DA:23,4
DA:27,15
DA:28,250
DA:29,1
DA:30,1
DA:31,1
DA:32,1
DA:33,1
DA:34,1
DA:37,15
DA:38,2
DA:39,2
DA:40,2
DA:41,2
DA:45,15
DA:56,1
DA:67,1
DA:80,1
DA:91,1
LF:37
LH:37
BRDA:20,0,0,4
BRDA:20,1,0,9
BRDA:20,1,1,4
BRDA:39,2,0,2
BRDA:39,3,0,2
BRDA:39,3,1,2
BRDA:60,4,0,15
BRDA:60,4,1,5
BRDA:61,5,0,15
BRDA:61,5,1,1
BRDA:62,6,0,15
BRDA:62,6,1,9
BRDA:66,7,0,14
BRDA:66,7,1,1
BRDA:79,8,0,11
BRDA:79,8,1,4
BRF:16
BRH:16
end_of_record
TN:
SF:src/components/CountryTable/helpers/getCountriesQuery.ts
FNF:0
FNH:0
DA:1,1
DA:3,1
DA:12,1
LF:3
LH:3
BRF:0
BRH:0
end_of_record
TN:
SF:src/components/Table/index.ts
FN:1,(anonymous_1)
FNF:1
FNH:1
FNDA:14,(anonymous_1)
DA:1,16
LF:1
LH:1
BRF:0
BRH:0
end_of_record
TN:
SF:src/components/Table/components/table.tsx
FN:5,(anonymous_0)
FN:10,(anonymous_1)
FN:15,(anonymous_2)
FN:19,(anonymous_3)
FNF:4
FNH:4
FNDA:14,(anonymous_0)
FNDA:18,(anonymous_1)
FNDA:37,(anonymous_2)
FNDA:74,(anonymous_3)
DA:5,2
DA:6,14
DA:11,18
DA:16,37
DA:20,74
DA:31,2
LF:6
LH:6
BRDA:7,0,0,9
BRDA:7,0,1,5
BRDA:23,1,0,37
BRDA:23,1,1,28
BRF:4
BRH:4
end_of_record
